<?xml version="1.0" encoding="UTF-8"?>
<!-- Generated by org.testng.reporters.JUnitReportReporter -->
<testsuite hostname="LAPTOP-97JG2IBG" name="com.EDR_Automation.EDR_Functionality" tests="2" failures="0" timestamp="28 Dec 2015 19:25:49 GMT" time="33.882" errors="0">
  <testcase name="Project_Start_Menu" time="0.340" classname="com.EDR_Automation.EDR_Functionality"/>
  <testcase name="A_login" time="33.542" classname="com.EDR_Automation.EDR_Functionality"/>
</testsuite> <!-- com.EDR_Automation.EDR_Functionality -->
