<?xml version="1.0" encoding="UTF-8"?>
<!-- Generated by org.testng.reporters.JUnitReportReporter -->
<testsuite hostname="LAPTOP-97JG2IBG" name="com.EDR_Automation.Testing" tests="1" failures="0" timestamp="14 Dec 2015 03:37:46 GMT" time="0.003" errors="0">
  <testcase name="f" time="0.003" classname="com.EDR_Automation.Testing"/>
</testsuite> <!-- com.EDR_Automation.Testing -->
