<?xml version="1.0" encoding="UTF-8"?>
<!-- Generated by org.testng.reporters.JUnitReportReporter -->
<testsuite hostname="LAPTOP-97JG2IBG" name="com.EDR_Automation.EDR_Login" tests="1" failures="0" timestamp="28 Dec 2015 19:28:38 GMT" time="29.165" errors="0">
  <testcase name="login" time="29.165" classname="com.EDR_Automation.EDR_Login"/>
</testsuite> <!-- com.EDR_Automation.EDR_Login -->
